<?xml version="1.0" encoding="UTF-8"?>
<!-- Generated by org.testng.reporters.JUnitXMLReporter -->
<testsuite ignored="4" hostname="Madhav-Kumar" failures="0" tests="3" name="Test" time="49.444" errors="0" timestamp="2026-06-02T11:12:00 IST">
  <testcase classname="com.demoWebShop.testscript.WishlistMoudle" name="moveToWishlist" time="7.257"/>
  <testcase classname="com.demoWebShop.testscript.CartMoudule" name="addToCart" time="16.191"/>
  <testcase classname="com.demoWebShop.testscript.AcoountModule" name="changeAddress" time="7.915"/>
  <testcase classname="com.demoWebShop.generic.BaseClass" name="@BeforeTest openBrowser" time="0.0">
    <ignored/>
  </testcase> <!-- @BeforeTest openBrowser -->
  <testcase classname="com.demoWebShop.generic.BaseClass" name="@BeforeTest openBrowser" time="0.0">
    <ignored/>
  </testcase> <!-- @BeforeTest openBrowser -->
  <testcase classname="com.demoWebShop.generic.BaseClass" name="@AfterTest closeBrowser" time="0.0">
    <ignored/>
  </testcase> <!-- @AfterTest closeBrowser -->
  <testcase classname="com.demoWebShop.generic.BaseClass" name="@AfterTest closeBrowser" time="0.0">
    <ignored/>
  </testcase> <!-- @AfterTest closeBrowser -->
</testsuite> <!-- Test -->
