<?xml version="1.0" encoding="UTF-8"?>
<testng-results ignored="0" total="1" passed="1" failed="0" skipped="0">
  <reporter-output>
    <line>
      <![CDATA[changeAddresshas been Start]]>
    </line>
    <line>
      <![CDATA[changeAddresshas been Passed]]>
    </line>
  </reporter-output>
  <suite started-at="2026-06-01T00:28:20 IST" name="Default suite" finished-at="2026-06-01T00:28:35 IST" duration-ms="14831">
    <groups>
    </groups>
    <test started-at="2026-06-01T00:28:20 IST" name="Default test" finished-at="2026-06-01T00:28:35 IST" duration-ms="14831">
      <class name="com.demoWebShop.testscript.AcoountModule">
        <test-method is-config="true" signature="openBrowser()[pri:0, instance:com.demoWebShop.testscript.AcoountModule@436813f3]" started-at="2026-06-01T00:28:20 IST" name="openBrowser" finished-at="2026-06-01T00:28:25 IST" duration-ms="4795" status="PASS">
          <reporter-output>
          </reporter-output>
        </test-method> <!-- openBrowser -->
        <test-method is-config="true" signature="login()[pri:0, instance:com.demoWebShop.testscript.AcoountModule@436813f3]" started-at="2026-06-01T00:28:25 IST" name="login" finished-at="2026-06-01T00:28:26 IST" duration-ms="652" status="PASS">
          <reporter-output>
          </reporter-output>
        </test-method> <!-- login -->
        <test-method signature="changeAddress()[pri:0, instance:com.demoWebShop.testscript.AcoountModule@436813f3]" started-at="2026-06-01T00:28:26 IST" name="changeAddress" finished-at="2026-06-01T00:28:34 IST" duration-ms="8197" status="PASS">
          <reporter-output>
            <line>
              <![CDATA[changeAddresshas been Start]]>
            </line>
            <line>
              <![CDATA[changeAddresshas been Passed]]>
            </line>
          </reporter-output>
        </test-method> <!-- changeAddress -->
        <test-method is-config="true" signature="logout()[pri:0, instance:com.demoWebShop.testscript.AcoountModule@436813f3]" started-at="2026-06-01T00:28:34 IST" name="logout" finished-at="2026-06-01T00:28:35 IST" duration-ms="1026" status="PASS">
          <reporter-output>
          </reporter-output>
        </test-method> <!-- logout -->
        <test-method is-config="true" signature="closeBrowser()[pri:0, instance:com.demoWebShop.testscript.AcoountModule@436813f3]" started-at="2026-06-01T00:28:35 IST" name="closeBrowser" finished-at="2026-06-01T00:28:35 IST" duration-ms="132" status="PASS">
          <reporter-output>
          </reporter-output>
        </test-method> <!-- closeBrowser -->
      </class> <!-- com.demoWebShop.testscript.AcoountModule -->
    </test> <!-- Default test -->
  </suite> <!-- Default suite -->
</testng-results>
