<?xml version="1.0" encoding="UTF-8"?>
<!-- Generated by org.testng.reporters.JUnitReportReporter -->
<testsuite hostname="Madhav-Kumar" failures="0" tests="1" name="com.demoWebShop.testscript.AcoountModule" time="11.352" errors="0" timestamp="2026-06-02T11:12:00 IST" skipped="0">
  <testcase classname="com.demoWebShop.testscript.AcoountModule" name="changeAddress" time="11.352">
    <system-out>
      <![CDATA[changeAddresshas been Start
Address updated successfully
changeAddresshas been Passed]]>
    </system-out>
  </testcase> <!-- changeAddress -->
  <system-out>
    <![CDATA[moveToWishlisthas been Start
The product has been added to your wishlist
moveToWishlisthas been Passed
addToCarthas been Start
The product has been added to your shopping cart
Your order has been successfully processed!
addToCarthas been Passed
changeAddresshas been Start
Address updated successfully
changeAddresshas been Passed]]>
  </system-out>
</testsuite> <!-- com.demoWebShop.testscript.AcoountModule -->
