<?xml version="1.0" encoding="UTF-8"?>
<!-- Generated by org.testng.reporters.JUnitReportReporter -->
<testsuite hostname="Madhav-Kumar" failures="0" tests="1" name="com.demoWebShop.testscript.CartMoudule" time="16.792" errors="0" timestamp="2026-06-01T00:16:26 IST" skipped="0">
  <testcase classname="com.demoWebShop.testscript.CartMoudule" name="addToCart" time="16.792">
    <system-out>
      <![CDATA[addToCarthas been Start
addToCarthas been Passed]]>
    </system-out>
  </testcase> <!-- addToCart -->
  <system-out>
    <![CDATA[addToCarthas been Start
addToCarthas been Passed]]>
  </system-out>
</testsuite> <!-- com.demoWebShop.testscript.CartMoudule -->
