<?xml version="1.0" encoding="UTF-8"?>
<!-- Generated by org.testng.reporters.JUnitReportReporter -->
<testsuite hostname="Madhav-Kumar" failures="0" tests="1" name="com.demoWebShop.testscript.WishlistMoudle" time="10.072" errors="0" timestamp="2026-05-31T21:57:50 IST" skipped="0">
  <testcase classname="com.demoWebShop.testscript.WishlistMoudle" name="moveToWishlist" time="10.072">
    <system-out>
      <![CDATA[moveToWishlisthas been Start
moveToWishlisthas been Passed]]>
    </system-out>
  </testcase> <!-- moveToWishlist -->
  <system-out>
    <![CDATA[moveToWishlisthas been Start
moveToWishlisthas been Passed]]>
  </system-out>
</testsuite> <!-- com.demoWebShop.testscript.WishlistMoudle -->
