<?xml version="1.0" encoding="UTF-8"?>
<!-- Generated by org.testng.reporters.JUnitReportReporter -->
<testsuite hostname="Madhav-Kumar" failures="0" tests="1" name="com.demoWebShop.testscript.AcoountModule" time="9.875" errors="0" timestamp="2026-06-01T00:28:35 IST" skipped="0">
  <testcase classname="com.demoWebShop.testscript.AcoountModule" name="changeAddress" time="9.875">
    <system-out>
      <![CDATA[changeAddresshas been Start
changeAddresshas been Passed]]>
    </system-out>
  </testcase> <!-- changeAddress -->
  <system-out>
    <![CDATA[changeAddresshas been Start
changeAddresshas been Passed]]>
  </system-out>
</testsuite> <!-- com.demoWebShop.testscript.AcoountModule -->
